<?xml version="1.0" encoding="UTF-8"?>
<!-- Generated by org.testng.reporters.JUnitReportReporter -->
<testsuite hostname="DESKTOP-QHM3D4J" failures="0" tests="4" name="com.carlos.picon.test.AnimalTest" time="0.242" errors="0" timestamp="2022-01-25T14:43:15 GMT" skipped="0">
  <testcase classname="com.carlos.picon.test.AnimalTest" name="SetHungerTest" time="0.008"/>
  <system-out/>
  <testcase classname="com.carlos.picon.test.AnimalTest" name="SetTalkTest" time="0.005"/>
  <system-out/>
  <testcase classname="com.carlos.picon.test.AnimalTest" name="SetAgeTest" time="0.179"/>
  <system-out/>
  <testcase classname="com.carlos.picon.test.AnimalTest" name="SetBreathTest" time="0.050"/>
  <system-out/>
</testsuite> <!-- com.carlos.picon.test.AnimalTest -->
