<?xml version="1.0" encoding="UTF-8"?>
<!-- Generated by org.testng.reporters.JUnitReportReporter -->
<testsuite hostname="DESKTOP-QHM3D4J" failures="0" tests="4" name="com.carlos.picon.test.AnimalTest" time="0.269" errors="0" timestamp="2022-01-25T15:12:11 GMT" skipped="0">
  <testcase classname="com.carlos.picon.test.AnimalTest" name="SetTalkTest" time="0.001"/>
  <system-out/>
  <testcase classname="com.carlos.picon.test.AnimalTest" name="SetHungerTest" time="0.006"/>
  <system-out/>
  <testcase classname="com.carlos.picon.test.AnimalTest" name="SetAgeTest" time="0.233"/>
  <system-out/>
  <testcase classname="com.carlos.picon.test.AnimalTest" name="SetBreathTest" time="0.029"/>
  <system-out/>
</testsuite> <!-- com.carlos.picon.test.AnimalTest -->
