<?xml version="1.0" encoding="UTF-8"?>
<!-- Generated by org.testng.reporters.JUnitReportReporter -->
<testsuite hostname="DESKTOP-QHM3D4J" failures="0" tests="3" name="com.carlos.picon.test.AnimalTest" time="0.217" errors="0" timestamp="2022-01-25T12:54:35 GMT" skipped="0">
  <testcase classname="com.carlos.picon.test.AnimalTest" name="SetBreathTest" time="0.019"/>
  <system-out/>
  <testcase classname="com.carlos.picon.test.AnimalTest" name="SetAgeTest" time="0.196"/>
  <system-out/>
  <testcase classname="com.carlos.picon.test.AnimalTest" name="SetHungerTest" time="0.002"/>
  <system-out/>
</testsuite> <!-- com.carlos.picon.test.AnimalTest -->
