<?xml version="1.0" encoding="UTF-8"?>
<!-- Generated by org.testng.reporters.JUnitReportReporter -->
<testsuite hostname="DESKTOP-QHM3D4J" failures="0" tests="4" name="com.carlos.picon.test.AnimalTest" time="0.230" errors="0" timestamp="2022-01-25T14:49:31 GMT" skipped="0">
  <testcase classname="com.carlos.picon.test.AnimalTest" name="SetBreathTest" time="0.032"/>
  <system-out/>
  <testcase classname="com.carlos.picon.test.AnimalTest" name="SetTalkTest" time="0.004"/>
  <system-out/>
  <testcase classname="com.carlos.picon.test.AnimalTest" name="SetAgeTest" time="0.191"/>
  <system-out/>
  <testcase classname="com.carlos.picon.test.AnimalTest" name="SetHungerTest" time="0.003"/>
  <system-out/>
</testsuite> <!-- com.carlos.picon.test.AnimalTest -->
