<?xml version="1.0" encoding="UTF-8"?>
<!-- Generated by org.testng.reporters.JUnitReportReporter -->
<testsuite hostname="DESKTOP-QHM3D4J" failures="0" tests="5" name="com.carlos.picon.test.AnimalTest" time="0.063" errors="0" timestamp="2022-01-25T22:14:51 GMT" skipped="0">
  <testcase classname="com.carlos.picon.test.AnimalTest" name="SetHungerTest" time="0.000"/>
  <system-out/>
  <testcase classname="com.carlos.picon.test.AnimalTest" name="SetAgeTest" time="0.047"/>
  <system-out/>
  <testcase classname="com.carlos.picon.test.AnimalTest" name="SetBreathTest" time="0.016"/>
  <system-out/>
  <testcase classname="com.carlos.picon.test.AnimalTest" name="SetSizeTest" time="0.000"/>
  <system-out/>
  <testcase classname="com.carlos.picon.test.AnimalTest" name="SetTalkTest" time="0.000"/>
  <system-out/>
</testsuite> <!-- com.carlos.picon.test.AnimalTest -->
