<?xml version="1.0" encoding="UTF-8"?>
<!-- Generated by org.testng.reporters.JUnitReportReporter -->
<testsuite hostname="DESKTOP-QHM3D4J" failures="0" tests="1" name="com.carlos.picon.test.AnimalTest" time="0.167" errors="0" timestamp="2022-01-25T11:44:12 GMT" skipped="0">
  <testcase classname="com.carlos.picon.test.AnimalTest" name="SetAgeTest" time="0.167"/>
  <system-out/>
</testsuite> <!-- com.carlos.picon.test.AnimalTest -->
