<?xml version="1.0" encoding="UTF-8"?>
<!-- Generated by org.testng.reporters.JUnitReportReporter -->
<testsuite hostname="DESKTOP-QHM3D4J" failures="0" tests="5" name="com.carlos.picon.test.AnimalTest" time="0.188" errors="0" timestamp="2022-01-25T16:27:40 GMT" skipped="0">
  <testcase classname="com.carlos.picon.test.AnimalTest" name="SetBreathTest" time="0.025"/>
  <system-out/>
  <testcase classname="com.carlos.picon.test.AnimalTest" name="SetTalkTest" time="0.001"/>
  <system-out/>
  <testcase classname="com.carlos.picon.test.AnimalTest" name="SetAgeTest" time="0.157"/>
  <system-out/>
  <testcase classname="com.carlos.picon.test.AnimalTest" name="SetHungerTest" time="0.003"/>
  <system-out/>
  <testcase classname="com.carlos.picon.test.AnimalTest" name="SetSizeTest" time="0.002"/>
  <system-out/>
</testsuite> <!-- com.carlos.picon.test.AnimalTest -->
